Script started on Mon 09 Mar 2015 12:26:38 AM EDT
mconroy@ice3:~/cscie10b/unit5.2$ java Barc[KCodeTest

Creating bar code with 02138
	Code created!   
	Bar code is : |||:::::|:|:::||::||:|::|::||::|;  zip is : 02138


Creating bar code with ||:|:::|:|:||::::::||:|::|:::|||
	Code created!   
	Bar code is : ||:|:::|:|:||::::::||:|::|:::|||;  zip is : 95014


Creating bar code with ||:::||::|:::|:|:|::|||:::|:|::|
	Code created!   
	Bar code is : ||:::||::|:::|:|:|::|||:::|:|::|;  zip is : 78240


Creating bar code with ||:::||::|:::|:|:|::|||:::||:::|
Illegal bar code value: ||:::||::|:::|:|:|::|||:::||:::|


Creating bar code with ||:::||::|:::|:|:|::|||:::||:::|
Illegal bar code value: ||:::||::|:::|:|:|::|||:::||:::|


Creating bar code with ||:|:::|:|:||::::::||:|::|:::||:
Illegal bar code value: ||:|:::|:|:||::::::||:|::|:::||:


Creating bar code with 0231a
Illegal zip code value: 0231a

mconroy@ice3:~/cscie10b/unit5.2$ exit

Script done on Mon 09 Mar 2015 12:26:50 AM EDT
