Script started on Sat 21 Feb 2015 08:04:26 PM EST
mconroy@ice3:~/cscie10b/unit5.1$ java Rabbits.[K
Please enter number of months (integers only!): wrwr
Enter only integers! Please try again: 3
At the end of month #1, there are 0 mature pairs.
At the end of month #2, there are 1 mature pairs.
At the end of month #3, there are 1 mature pairs.
mconroy@ice3:~/cscie10b/unit5.1$ java Rabbits
Please enter number of months (integers only!): 15
At the end of month #1, there are 0 mature pairs.
At the end of month #2, there are 1 mature pairs.
At the end of month #3, there are 1 mature pairs.
At the end of month #4, there are 2 mature pairs.
At the end of month #5, there are 3 mature pairs.
At the end of month #6, there are 5 mature pairs.
At the end of month #7, there are 8 mature pairs.
At the end of month #8, there are 13 mature pairs.
At the end of month #9, there are 21 mature pairs.
At the end of month #10, there are 34 mature pairs.
At the end of month #11, there are 55 mature pairs.
At the end of month #12, there are 89 mature pairs.
At the end of month #13, there are 144 mature pairs.
At the end of month #14, there are 233 mature pairs.
At the end of month #15, there are 377 mature pairs.
mconroy@ice3:~/cscie10b/unit5.1$ exit
exit

Script done on Sat 21 Feb 2015 08:05:00 PM EST
